app/build/intermediates/manifest_merge_blame_file/debug/manifest-merger-blame-debug-report.txt
1<?xml version="1.0" encoding="utf-8"?>
2<manifest xmlns:android="http://schemas.android.com/apk/res/android"
3    package="com.example.coolbox.mobile"
4    android:versionCode="29"
5    android:versionName="v1.0.29" >
6
7    <uses-sdk
8        android:minSdkVersion="23"
8-->src\main\AndroidManifest.xml
9        android:targetSdkVersion="34" />
9-->src\main\AndroidManifest.xml
10
11    <uses-permission android:name="android.permission.RECORD_AUDIO" />
11-->src\main\AndroidManifest.xml:4:5-71
11-->src\main\AndroidManifest.xml:4:22-68
12    <uses-permission android:name="android.permission.INTERNET" />
12-->src\main\AndroidManifest.xml:5:5-67
12-->src\main\AndroidManifest.xml:5:22-64
13    <uses-permission android:name="android.permission.READ_EXTERNAL_STORAGE" />
13-->src\main\AndroidManifest.xml:6:5-80
13-->src\main\AndroidManifest.xml:6:22-77
14    <uses-permission
14-->src\main\AndroidManifest.xml:7:5-108
15        android:name="android.permission.WRITE_EXTERNAL_STORAGE"
15-->src\main\AndroidManifest.xml:7:22-78
16        android:maxSdkVersion="28" />
16-->src\main\AndroidManifest.xml:7:79-105
17    <uses-permission android:name="android.permission.FOREGROUND_SERVICE" />
17-->src\main\AndroidManifest.xml:8:5-77
17-->src\main\AndroidManifest.xml:8:22-74
18    <uses-permission android:name="android.permission.FOREGROUND_SERVICE_MICROPHONE" />
18-->src\main\AndroidManifest.xml:9:5-88
18-->src\main\AndroidManifest.xml:9:22-85
19    <uses-permission android:name="android.permission.WAKE_LOCK" />
19-->src\main\AndroidManifest.xml:10:5-68
19-->src\main\AndroidManifest.xml:10:22-65
20    <uses-permission android:name="android.permission.VIBRATE" />
20-->src\main\AndroidManifest.xml:11:5-66
20-->src\main\AndroidManifest.xml:11:22-63
21
22    <queries>
22-->src\main\AndroidManifest.xml:13:5-17:15
23        <intent>
23-->src\main\AndroidManifest.xml:14:9-16:18
24            <action android:name="android.speech.RecognitionService" />
24-->src\main\AndroidManifest.xml:15:13-72
24-->src\main\AndroidManifest.xml:15:21-69
25        </intent>
26    </queries>
27
28    <permission
28-->[androidx.core:core:1.12.0] AndroidManifest.xml:22:5-24:47
29        android:name="com.example.coolbox.mobile.DYNAMIC_RECEIVER_NOT_EXPORTED_PERMISSION"
29-->[androidx.core:core:1.12.0] AndroidManifest.xml:23:9-81
30        android:protectionLevel="signature" />
30-->[androidx.core:core:1.12.0] AndroidManifest.xml:24:9-44
31
32    <uses-permission android:name="com.example.coolbox.mobile.DYNAMIC_RECEIVER_NOT_EXPORTED_PERMISSION" />
32-->[androidx.core:core:1.12.0] AndroidManifest.xml:26:5-97
32-->[androidx.core:core:1.12.0] AndroidManifest.xml:26:22-94
33
34    <application
34-->src\main\AndroidManifest.xml:19:5-36:19
35        android:allowBackup="true"
35-->src\main\AndroidManifest.xml:20:9-35
36        android:appComponentFactory="androidx.core.app.CoreComponentFactory"
36-->[androidx.core:core:1.12.0] AndroidManifest.xml:28:18-86
37        android:debuggable="true"
38        android:extractNativeLibs="false"
39        android:icon="@mipmap/ic_launcher"
39-->src\main\AndroidManifest.xml:21:9-43
40        android:label="@string/app_name"
40-->src\main\AndroidManifest.xml:22:9-41
41        android:roundIcon="@mipmap/ic_launcher_round"
41-->src\main\AndroidManifest.xml:23:9-54
42        android:supportsRtl="true"
42-->src\main\AndroidManifest.xml:24:9-35
43        android:theme="@style/Theme.AppCompat.Light.NoActionBar"
43-->src\main\AndroidManifest.xml:26:9-65
44        android:usesCleartextTraffic="true" >
44-->src\main\AndroidManifest.xml:25:9-44
45        <activity
45-->src\main\AndroidManifest.xml:27:9-35:20
46            android:name="com.example.coolbox.mobile.MainActivity"
46-->src\main\AndroidManifest.xml:28:13-41
47            android:exported="true"
47-->src\main\AndroidManifest.xml:29:13-36
48            android:theme="@style/Theme.AppCompat.Light.NoActionBar" >
48-->src\main\AndroidManifest.xml:30:13-69
49            <intent-filter>
49-->src\main\AndroidManifest.xml:31:13-34:29
50                <action android:name="android.intent.action.MAIN" />
50-->src\main\AndroidManifest.xml:32:17-69
50-->src\main\AndroidManifest.xml:32:25-66
51
52                <category android:name="android.intent.category.LAUNCHER" />
52-->src\main\AndroidManifest.xml:33:17-77
52-->src\main\AndroidManifest.xml:33:27-74
53            </intent-filter>
54        </activity>
55        <activity
55-->[androidx.compose.ui:ui-test-manifest:1.4.0] AndroidManifest.xml:23:9-25:39
56            android:name="androidx.activity.ComponentActivity"
56-->[androidx.compose.ui:ui-test-manifest:1.4.0] AndroidManifest.xml:24:13-63
57            android:exported="true" />
57-->[androidx.compose.ui:ui-test-manifest:1.4.0] AndroidManifest.xml:25:13-36
58        <activity
58-->[androidx.compose.ui:ui-tooling:1.4.0] AndroidManifest.xml:23:9-25:39
59            android:name="androidx.compose.ui.tooling.PreviewActivity"
59-->[androidx.compose.ui:ui-tooling:1.4.0] AndroidManifest.xml:24:13-71
60            android:exported="true" />
60-->[androidx.compose.ui:ui-tooling:1.4.0] AndroidManifest.xml:25:13-36
61
62        <provider
62-->[androidx.emoji2:emoji2:1.3.0] AndroidManifest.xml:24:9-32:20
63            android:name="androidx.startup.InitializationProvider"
63-->[androidx.emoji2:emoji2:1.3.0] AndroidManifest.xml:25:13-67
64            android:authorities="com.example.coolbox.mobile.androidx-startup"
64-->[androidx.emoji2:emoji2:1.3.0] AndroidManifest.xml:26:13-68
65            android:exported="false" >
65-->[androidx.emoji2:emoji2:1.3.0] AndroidManifest.xml:27:13-37
66            <meta-data
66-->[androidx.emoji2:emoji2:1.3.0] AndroidManifest.xml:29:13-31:52
67                android:name="androidx.emoji2.text.EmojiCompatInitializer"
67-->[androidx.emoji2:emoji2:1.3.0] AndroidManifest.xml:30:17-75
68                android:value="androidx.startup" />
68-->[androidx.emoji2:emoji2:1.3.0] AndroidManifest.xml:31:17-49
69            <meta-data
69-->[androidx.lifecycle:lifecycle-process:2.6.2] AndroidManifest.xml:29:13-31:52
70                android:name="androidx.lifecycle.ProcessLifecycleInitializer"
70-->[androidx.lifecycle:lifecycle-process:2.6.2] AndroidManifest.xml:30:17-78
71                android:value="androidx.startup" />
71-->[androidx.lifecycle:lifecycle-process:2.6.2] AndroidManifest.xml:31:17-49
72            <meta-data
72-->[androidx.profileinstaller:profileinstaller:1.3.0] AndroidManifest.xml:29:13-31:52
73                android:name="androidx.profileinstaller.ProfileInstallerInitializer"
73-->[androidx.profileinstaller:profileinstaller:1.3.0] AndroidManifest.xml:30:17-85
74                android:value="androidx.startup" />
74-->[androidx.profileinstaller:profileinstaller:1.3.0] AndroidManifest.xml:31:17-49
75        </provider>
76
77        <service
77-->[androidx.room:room-runtime:2.5.2] AndroidManifest.xml:24:9-28:63
78            android:name="androidx.room.MultiInstanceInvalidationService"
78-->[androidx.room:room-runtime:2.5.2] AndroidManifest.xml:25:13-74
79            android:directBootAware="true"
79-->[androidx.room:room-runtime:2.5.2] AndroidManifest.xml:26:13-43
80            android:exported="false" />
80-->[androidx.room:room-runtime:2.5.2] AndroidManifest.xml:27:13-37
81
82        <receiver
82-->[androidx.profileinstaller:profileinstaller:1.3.0] AndroidManifest.xml:34:9-52:20
83            android:name="androidx.profileinstaller.ProfileInstallReceiver"
83-->[androidx.profileinstaller:profileinstaller:1.3.0] AndroidManifest.xml:35:13-76
84            android:directBootAware="false"
84-->[androidx.profileinstaller:profileinstaller:1.3.0] AndroidManifest.xml:36:13-44
85            android:enabled="true"
85-->[androidx.profileinstaller:profileinstaller:1.3.0] AndroidManifest.xml:37:13-35
86            android:exported="true"
86-->[androidx.profileinstaller:profileinstaller:1.3.0] AndroidManifest.xml:38:13-36
87            android:permission="android.permission.DUMP" >
87-->[androidx.profileinstaller:profileinstaller:1.3.0] AndroidManifest.xml:39:13-57
88            <intent-filter>
88-->[androidx.profileinstaller:profileinstaller:1.3.0] AndroidManifest.xml:40:13-42:29
89                <action android:name="androidx.profileinstaller.action.INSTALL_PROFILE" />
89-->[androidx.profileinstaller:profileinstaller:1.3.0] AndroidManifest.xml:41:17-91
89-->[androidx.profileinstaller:profileinstaller:1.3.0] AndroidManifest.xml:41:25-88
90            </intent-filter>
91            <intent-filter>
91-->[androidx.profileinstaller:profileinstaller:1.3.0] AndroidManifest.xml:43:13-45:29
92                <action android:name="androidx.profileinstaller.action.SKIP_FILE" />
92-->[androidx.profileinstaller:profileinstaller:1.3.0] AndroidManifest.xml:44:17-85
92-->[androidx.profileinstaller:profileinstaller:1.3.0] AndroidManifest.xml:44:25-82
93            </intent-filter>
94            <intent-filter>
94-->[androidx.profileinstaller:profileinstaller:1.3.0] AndroidManifest.xml:46:13-48:29
95                <action android:name="androidx.profileinstaller.action.SAVE_PROFILE" />
95-->[androidx.profileinstaller:profileinstaller:1.3.0] AndroidManifest.xml:47:17-88
95-->[androidx.profileinstaller:profileinstaller:1.3.0] AndroidManifest.xml:47:25-85
96            </intent-filter>
97            <intent-filter>
97-->[androidx.profileinstaller:profileinstaller:1.3.0] AndroidManifest.xml:49:13-51:29
98                <action android:name="androidx.profileinstaller.action.BENCHMARK_OPERATION" />
98-->[androidx.profileinstaller:profileinstaller:1.3.0] AndroidManifest.xml:50:17-95
98-->[androidx.profileinstaller:profileinstaller:1.3.0] AndroidManifest.xml:50:25-92
99            </intent-filter>
100        </receiver>
101    </application>
102
103</manifest>